<?xml version="1.0" encoding="UTF-8"?>
<!-- Generated by org.testng.reporters.JUnitReportReporter -->
<testsuite skipped="0" hostname="sarthak.saxena" name="com.sarthak.TestNG.TestConsecutive" tests="1" failures="0" timestamp="05 Feb 2019 12:23:40 GMT" time="0.010" errors="0">
  <testcase name="testConsLetter" time="0.010" classname="com.sarthak.TestNG.TestConsecutive"/>
</testsuite> <!-- com.sarthak.TestNG.TestConsecutive -->
